1571498606.394496 client started (18446): version 2.9a, socket /tmp/tmux-1000/default, protocol 8
1571498606.394542 on Linux 5.3.0-18-generic #19-Ubuntu SMP Tue Oct 8 20:14:06 UTC 2019; libevent 2.1.8-stable (poll)
1571498606.394570 socket is /tmp/tmux-1000/default
1571498606.394590 trying connect
1571498606.394795 add peer 0x55be3d304510: 6 ((nil))
1571498606.394895 sending message 100 to peer 0x55be3d304510 (4 bytes)
1571498606.394906 sending message 101 to peer 0x55be3d304510 (16 bytes)
1571498606.394913 sending message 102 to peer 0x55be3d304510 (11 bytes)
1571498606.394919 sending message 108 to peer 0x55be3d304510 (32 bytes)
1571498606.394927 sending message 104 to peer 0x55be3d304510 (0 bytes)
1571498606.394934 sending message 107 to peer 0x55be3d304510 (4 bytes)
1571498606.394939 sending message 105 to peer 0x55be3d304510 (16 bytes)
1571498606.394945 sending message 105 to peer 0x55be3d304510 (92 bytes)
1571498606.394951 sending message 105 to peer 0x55be3d304510 (20 bytes)
1571498606.394957 sending message 105 to peer 0x55be3d304510 (53 bytes)
1571498606.394964 sending message 105 to peer 0x55be3d304510 (33 bytes)
1571498606.394970 sending message 105 to peer 0x55be3d304510 (23 bytes)
1571498606.394975 sending message 105 to peer 0x55be3d304510 (44 bytes)
1571498606.394981 sending message 105 to peer 0x55be3d304510 (35 bytes)
1571498606.394986 sending message 105 to peer 0x55be3d304510 (18 bytes)
1571498606.394992 sending message 105 to peer 0x55be3d304510 (32 bytes)
1571498606.394997 sending message 105 to peer 0x55be3d304510 (41 bytes)
1571498606.395003 sending message 105 to peer 0x55be3d304510 (50 bytes)
1571498606.395009 sending message 105 to peer 0x55be3d304510 (21 bytes)
1571498606.395018 sending message 105 to peer 0x55be3d304510 (20 bytes)
1571498606.395024 sending message 105 to peer 0x55be3d304510 (31 bytes)
1571498606.395029 sending message 105 to peer 0x55be3d304510 (28 bytes)
1571498606.395035 sending message 105 to peer 0x55be3d304510 (36 bytes)
1571498606.395041 sending message 105 to peer 0x55be3d304510 (35 bytes)
1571498606.395047 sending message 105 to peer 0x55be3d304510 (12 bytes)
1571498606.395052 sending message 105 to peer 0x55be3d304510 (25 bytes)
1571498606.395058 sending message 105 to peer 0x55be3d304510 (54 bytes)
1571498606.395064 sending message 105 to peer 0x55be3d304510 (15 bytes)
1571498606.395069 sending message 105 to peer 0x55be3d304510 (13 bytes)
1571498606.395075 sending message 105 to peer 0x55be3d304510 (21 bytes)
1571498606.395080 sending message 105 to peer 0x55be3d304510 (11 bytes)
1571498606.395086 sending message 105 to peer 0x55be3d304510 (1506 bytes)
1571498606.395104 sending message 105 to peer 0x55be3d304510 (33 bytes)
1571498606.395110 sending message 105 to peer 0x55be3d304510 (17 bytes)
1571498606.395116 sending message 105 to peer 0x55be3d304510 (26 bytes)
1571498606.395123 sending message 105 to peer 0x55be3d304510 (86 bytes)
1571498606.395128 sending message 105 to peer 0x55be3d304510 (47 bytes)
1571498606.395134 sending message 105 to peer 0x55be3d304510 (16 bytes)
1571498606.395140 sending message 105 to peer 0x55be3d304510 (34 bytes)
1571498606.395146 sending message 105 to peer 0x55be3d304510 (23 bytes)
1571498606.395152 sending message 105 to peer 0x55be3d304510 (21 bytes)
1571498606.395157 sending message 105 to peer 0x55be3d304510 (32 bytes)
1571498606.395163 sending message 105 to peer 0x55be3d304510 (9 bytes)
1571498606.395169 sending message 105 to peer 0x55be3d304510 (13 bytes)
1571498606.395175 sending message 105 to peer 0x55be3d304510 (30 bytes)
1571498606.395181 sending message 105 to peer 0x55be3d304510 (11 bytes)
1571498606.395187 sending message 105 to peer 0x55be3d304510 (8 bytes)
1571498606.395193 sending message 105 to peer 0x55be3d304510 (18 bytes)
1571498606.395198 sending message 105 to peer 0x55be3d304510 (31 bytes)
1571498606.395205 sending message 105 to peer 0x55be3d304510 (18 bytes)
1571498606.395210 sending message 105 to peer 0x55be3d304510 (23 bytes)
1571498606.395216 sending message 105 to peer 0x55be3d304510 (93 bytes)
1571498606.395222 sending message 105 to peer 0x55be3d304510 (258 bytes)
1571498606.395237 sending message 105 to peer 0x55be3d304510 (26 bytes)
1571498606.395243 sending message 105 to peer 0x55be3d304510 (54 bytes)
1571498606.395249 sending message 105 to peer 0x55be3d304510 (16 bytes)
1571498606.395255 sending message 105 to peer 0x55be3d304510 (30 bytes)
1571498606.395261 sending message 106 to peer 0x55be3d304510 (0 bytes)
1571498606.395267 sending message 200 to peer 0x55be3d304510 (4 bytes)
1571498606.395273 client loop enter
1571498606.395720 peer 0x55be3d304510 message 211
1571498606.395731 client_write: sessions should be nested with care, unset $TMUX to force\n
1571498606.395747 peer 0x55be3d304510 message 203
1571498606.395753 client loop exit
